#
# There is insufficient memory for the Java Runtime Environment to continue.
# Native memory allocation (malloc) failed to allocate 2851216 bytes for Chunk::new
# Possible reasons:
#   The system is out of physical RAM or swap space
#   The process is running with CompressedOops enabled, and the Java Heap may be blocking the growth of the native heap
# Possible solutions:
#   Reduce memory load on the system
#   Increase physical memory or swap space
#   Check if swap backing store is full
#   Decrease Java heap size (-Xmx/-Xms)
#   Decrease number of Java threads
#   Decrease Java thread stack sizes (-Xss)
#   Set larger code cache with -XX:ReservedCodeCacheSize=
#   JVM is running with Unscaled Compressed Oops mode in which the Java heap is
#     placed in the first 4GB address space. The Java Heap base address is the
#     maximum limit for the native heap growth. Please use -XX:HeapBaseMinAddress
#     to set the Java Heap base and to place the Java Heap above 4GB virtual address.
# This output file may be truncated or incomplete.
#
#  Out of Memory Error (./src/hotspot/share/memory/arena.cpp:197), pid=15000, tid=9524
#
# JRE version: OpenJDK Runtime Environment (11.0.10) (build 11.0.10+0-b96-7249189)
# Java VM: OpenJDK 64-Bit Server VM (11.0.10+0-b96-7249189, mixed mode, tiered, compressed oops, g1 gc, windows-amd64)
# No core dump will be written. Minidumps are not enabled by default on client versions of Windows
#

---------------  S U M M A R Y ------------

Command Line: --add-opens=java.base/java.util=ALL-UNNAMED --add-opens=java.base/java.lang=ALL-UNNAMED --add-opens=java.base/java.lang.invoke=ALL-UNNAMED --add-opens=java.base/java.util=ALL-UNNAMED --add-opens=java.prefs/java.util.prefs=ALL-UNNAMED --add-opens=java.prefs/java.util.prefs=ALL-UNNAMED --add-opens=java.base/java.nio.charset=ALL-UNNAMED --add-opens=java.base/java.net=ALL-UNNAMED --add-opens=java.base/java.util.concurrent.atomic=ALL-UNNAMED -Xmx2048m -Dfile.encoding=UTF-8 -Duser.country=JP -Duser.language=ja -Duser.variant org.gradle.launcher.daemon.bootstrap.GradleDaemon 7.0.2

Host: Intel(R) Core(TM) i5-6200U CPU @ 2.30GHz, 4 cores, 7G,  Windows 10 , 64 bit Build 17763 (10.0.17763.2452)
Time: Tue Feb  1 15:03:43 2022 ???? (?W?€??) elapsed time: 957.627432 seconds (0d 0h 15m 57s)

---------------  T H R E A D  ---------------

Current thread (0x000002034763d800):  JavaThread "C2 CompilerThread0" daemon [_thread_in_native, id=9524, stack(0x0000007962500000,0x0000007962600000)]


Current CompileTask:
C2: 957627 14561       4       java.lang.Class::annotationData (44 bytes)

Stack: [0x0000007962500000,0x0000007962600000]
Native frames: (J=compiled Java code, j=interpreted, Vv=VM code, C=native code)
V  [jvm.dll+0x5ecfaa]
V  [jvm.dll+0x722bd5]
V  [jvm.dll+0x72412d]
V  [jvm.dll+0x7247e3]
V  [jvm.dll+0x242928]
V  [jvm.dll+0xbc4fc]
V  [jvm.dll+0xbca0c]
V  [jvm.dll+0x352d7d]
V  [jvm.dll+0x19800c]
V  [jvm.dll+0x1fb70e]
V  [jvm.dll+0x1fa7f4]
V  [jvm.dll+0x18354c]
V  [jvm.dll+0x208ee7]
V  [jvm.dll+0x207731]
V  [jvm.dll+0x6eb1cf]
V  [jvm.dll+0x6e3d45]
V  [jvm.dll+0x5ebe96]
C  [ucrtbase.dll+0x2268a]
C  [KERNEL32.DLL+0x17974]
C  [ntdll.dll+0x5a2f1]


---------------  P R O C E S S  ---------------

Threads class SMR info:
_java_thread_list=0x00000203503a6510, length=46, elements={
0x000002032badb800, 0x000002034760f800, 0x0000020347610800, 0x0000020347635800,
0x0000020347637800, 0x0000020347638800, 0x000002034763d800, 0x000002034764d800,
0x0000020347f88800, 0x0000020348087000, 0x0000020349a6a000, 0x000002034ac7e800,
0x000002034a542800, 0x000002034a8b9000, 0x000002034a8b7000, 0x000002034a8b3000,
0x000002034a8b4800, 0x000002034a8b8000, 0x000002034afe2000, 0x000002034afe3000,
0x000002034afe9800, 0x000002034afe8000, 0x000002034afe6000, 0x000002034afef000,
0x000002034afee800, 0x000002034e787800, 0x000002034afe7000, 0x000002034afed800,
0x0000020352a6d000, 0x0000020352a6c800, 0x0000020352a66800, 0x0000020352a6e000,
0x0000020352a68800, 0x0000020352a6a000, 0x0000020352a69000, 0x0000020352a6f000,
0x0000020352a70800, 0x0000020352a6b800, 0x0000020352a6a800, 0x0000020352a75800,
0x0000020352a6f800, 0x0000020352a71800, 0x0000020352a73800, 0x0000020352a72000,
0x0000020352a74800, 0x0000020352a73000
}

Java Threads: ( => current thread )
  0x000002032badb800 JavaThread "main" [_thread_blocked, id=15724, stack(0x0000007961900000,0x0000007961a00000)]
  0x000002034760f800 JavaThread "Reference Handler" daemon [_thread_blocked, id=5076, stack(0x0000007962000000,0x0000007962100000)]
  0x0000020347610800 JavaThread "Finalizer" daemon [_thread_blocked, id=18412, stack(0x0000007962100000,0x0000007962200000)]
  0x0000020347635800 JavaThread "Signal Dispatcher" daemon [_thread_blocked, id=13160, stack(0x0000007962200000,0x0000007962300000)]
  0x0000020347637800 JavaThread "Attach Listener" daemon [_thread_blocked, id=19364, stack(0x0000007962300000,0x0000007962400000)]
  0x0000020347638800 JavaThread "Service Thread" daemon [_thread_blocked, id=6848, stack(0x0000007962400000,0x0000007962500000)]
=>0x000002034763d800 JavaThread "C2 CompilerThread0" daemon [_thread_in_native, id=9524, stack(0x0000007962500000,0x0000007962600000)]
  0x000002034764d800 JavaThread "C1 CompilerThread0" daemon [_thread_blocked, id=17368, stack(0x0000007962600000,0x0000007962700000)]
  0x0000020347f88800 JavaThread "Sweeper thread" daemon [_thread_blocked, id=8212, stack(0x0000007962700000,0x0000007962800000)]
  0x0000020348087000 JavaThread "Common-Cleaner" daemon [_thread_blocked, id=2544, stack(0x0000007962800000,0x0000007962900000)]
  0x0000020349a6a000 JavaThread "Daemon health stats" [_thread_blocked, id=14548, stack(0x0000007962d00000,0x0000007962e00000)]
  0x000002034ac7e800 JavaThread "Incoming local TCP Connector on port 50973" [_thread_in_native, id=4100, stack(0x0000007962a00000,0x0000007962b00000)]
  0x000002034a542800 JavaThread "Daemon periodic checks" [_thread_blocked, id=11928, stack(0x0000007962e00000,0x0000007962f00000)]
  0x000002034a8b9000 JavaThread "Cache worker for file hash cache (C:\Users\s20b809\.gradle\caches\7.0.2\fileHashes)" [_thread_blocked, id=19168, stack(0x0000007963700000,0x0000007963800000)]
  0x000002034a8b7000 JavaThread "File lock request listener" [_thread_in_native, id=10484, stack(0x0000007963800000,0x0000007963900000)]
  0x000002034a8b3000 JavaThread "Cache worker for journal cache (C:\Users\s20b809\.gradle\caches\journal-1)" [_thread_blocked, id=1468, stack(0x0000007963900000,0x0000007963a00000)]
  0x000002034a8b4800 JavaThread "File watcher server" daemon [_thread_in_native, id=11644, stack(0x0000007963b00000,0x0000007963c00000)]
  0x000002034a8b8000 JavaThread "File watcher consumer" daemon [_thread_blocked, id=4492, stack(0x0000007963c00000,0x0000007963d00000)]
  0x000002034afe2000 JavaThread "Cache worker for execution history cache (C:\Users\s20b809\.gradle\caches\7.0.2\executionHistory)" [_thread_blocked, id=16224, stack(0x0000007964000000,0x0000007964100000)]
  0x000002034afe3000 JavaThread "jar transforms" [_thread_blocked, id=1632, stack(0x0000007964100000,0x0000007964200000)]
  0x000002034afe9800 JavaThread "jar transforms Thread 2" [_thread_blocked, id=12744, stack(0x0000007964200000,0x0000007964300000)]
  0x000002034afe8000 JavaThread "Cache worker for file content cache (C:\Users\s20b809\.gradle\caches\7.0.2\fileContent)" [_thread_blocked, id=4992, stack(0x0000007964300000,0x0000007964400000)]
  0x000002034afe6000 JavaThread "jar transforms Thread 3" [_thread_blocked, id=5760, stack(0x0000007964500000,0x0000007964600000)]
  0x000002034afef000 JavaThread "jar transforms Thread 4" [_thread_blocked, id=5456, stack(0x0000007964b00000,0x0000007964c00000)]
  0x000002034afee800 JavaThread "Memory manager" [_thread_blocked, id=14168, stack(0x0000007964c00000,0x0000007964d00000)]
  0x000002034e787800 JavaThread "pool-3-thread-1" [_thread_blocked, id=7780, stack(0x0000007964e00000,0x0000007964f00000)]
  0x000002034afe7000 JavaThread "pool-6-thread-1" [_thread_blocked, id=7564, stack(0x0000007964d00000,0x0000007964e00000)]
  0x000002034afed800 JavaThread "Cache worker for Java compile cache (C:\Users\s20b809\.gradle\caches\7.0.2\javaCompile)" [_thread_blocked, id=6752, stack(0x0000007964400000,0x0000007964500000)]
  0x0000020352a6d000 JavaThread "ForkJoinPool.commonPool-worker-7" daemon [_thread_blocked, id=10008, stack(0x0000007965c00000,0x0000007965d00000)]
  0x0000020352a6c800 JavaThread "Daemon Thread 3" [_thread_blocked, id=6696, stack(0x0000007961700000,0x0000007961800000)]
  0x0000020352a66800 JavaThread "Handler for socket connection from /127.0.0.1:50973 to /127.0.0.1:51484" [_thread_in_native, id=5780, stack(0x0000007961800000,0x0000007961900000)]
  0x0000020352a6e000 JavaThread "Cancel handler" [_thread_blocked, id=9096, stack(0x0000007962f00000,0x0000007963000000)]
  0x0000020352a68800 JavaThread "Daemon worker Thread 3" [_thread_in_vm, id=19296, stack(0x0000007963000000,0x0000007963100000)]
  0x0000020352a6a000 JavaThread "Asynchronous log dispatcher for DefaultDaemonConnection: socket connection from /127.0.0.1:50973 to /127.0.0.1:51484" [_thread_blocked, id=9464, stack(0x0000007963100000,0x0000007963200000)]
  0x0000020352a69000 JavaThread "Stdin handler" [_thread_blocked, id=10496, stack(0x0000007963200000,0x0000007963300000)]
  0x0000020352a6f000 JavaThread "Daemon client event forwarder" [_thread_blocked, id=13236, stack(0x0000007963300000,0x0000007963400000)]
  0x0000020352a70800 JavaThread "Cache worker for file hash cache (C:\Users\s20b809\AndroidStudioProjects\sakuracyann\.gradle\7.0.2\fileHashes)" [_thread_blocked, id=7900, stack(0x0000007963400000,0x0000007963500000)]
  0x0000020352a6b800 JavaThread "Cache worker for checksums cache (C:\Users\s20b809\AndroidStudioProjects\sakuracyann\.gradle\checksums)" [_thread_blocked, id=7696, stack(0x0000007963500000,0x0000007963600000)]
  0x0000020352a6a800 JavaThread "Cache worker for cache directory md-supplier (C:\Users\s20b809\.gradle\caches\7.0.2\md-supplier)" [_thread_blocked, id=12040, stack(0x0000007963a00000,0x0000007963b00000)]
  0x0000020352a75800 JavaThread "Cache worker for cache directory md-rule (C:\Users\s20b809\.gradle\caches\7.0.2\md-rule)" [_thread_blocked, id=9140, stack(0x0000007963d00000,0x0000007963e00000)]
  0x0000020352a6f800 JavaThread "Cache worker for dependencies-accessors (C:\Users\s20b809\AndroidStudioProjects\sakuracyann\.gradle\7.0.2\dependencies-accessors)" [_thread_blocked, id=18604, stack(0x0000007963e00000,0x0000007963f00000)]
  0x0000020352a71800 JavaThread "Cache worker for Build Output Cleanup Cache (C:\Users\s20b809\AndroidStudioProjects\sakuracyann\.gradle\buildOutputCleanup)" [_thread_blocked, id=5484, stack(0x0000007963f00000,0x0000007964000000)]
  0x0000020352a73800 JavaThread "Build operations" [_thread_blocked, id=19228, stack(0x0000007964600000,0x0000007964700000)]
  0x0000020352a72000 JavaThread "Build operations Thread 2" [_thread_blocked, id=18848, stack(0x0000007964700000,0x0000007964800000)]
  0x0000020352a74800 JavaThread "Build operations Thread 3" [_thread_blocked, id=16532, stack(0x0000007964800000,0x0000007964900000)]
  0x0000020352a73000 JavaThread "Build operations Thread 4" [_thread_blocked, id=14080, stack(0x0000007964900000,0x0000007964a00000)]

Other Threads:
  0x000002034760a800 VMThread "VM Thread" [stack: 0x0000007961f00000,0x0000007962000000] [id=11008]
  0x000002034808d800 WatcherThread [stack: 0x0000007962900000,0x0000007962a00000] [id=14796]
  0x000002032baf5000 GCTaskThread "GC Thread#0" [stack: 0x0000007961a00000,0x0000007961b00000] [id=12580]
  0x0000020348911800 GCTaskThread "GC Thread#1" [stack: 0x0000007962b00000,0x0000007962c00000] [id=8720]
  0x000002034897a000 GCTaskThread "GC Thread#2" [stack: 0x0000007962c00000,0x0000007962d00000] [id=6124]
  0x000002034a8c5000 GCTaskThread "GC Thread#3" [stack: 0x0000007963600000,0x0000007963700000] [id=17172]
  0x000002032bb26800 ConcurrentGCThread "G1 Main Marker" [stack: 0x0000007961b00000,0x0000007961c00000] [id=14784]
  0x000002032bb28000 ConcurrentGCThread "G1 Conc#0" [stack: 0x0000007961c00000,0x0000007961d00000] [id=19192]
  0x0000020347460800 ConcurrentGCThread "G1 Refine#0" [stack: 0x0000007961d00000,0x0000007961e00000] [id=19448]
  0x000002032bbaa000 ConcurrentGCThread "G1 Young RemSet Sampling" [stack: 0x0000007961e00000,0x0000007961f00000] [id=13468]

Threads with active compile tasks:
C2 CompilerThread0 957679 14561       4       java.lang.Class::annotationData (44 bytes)

VM state:not at safepoint (normal execution)

VM Mutex/Monitor currently owned by a thread: None

Heap address: 0x0000000080000000, size: 2048 MB, Compressed Oops mode: 32-bit
Narrow klass base: 0x0000000000000000, Narrow klass shift: 3
Compressed class space size: 1073741824 Address: 0x0000000100000000

Heap:
 garbage-first heap   total 187392K, used 116865K [0x0000000080000000, 0x0000000100000000)
  region size 1024K, 32 young (32768K), 1 survivors (1024K)
 Metaspace       used 112725K, capacity 115675K, committed 116000K, reserved 1148928K
  class space    used 14500K, capacity 15620K, committed 15692K, reserved 1048576K
Heap Regions: E=young(eden), S=young(survivor), O=old, HS=humongous(starts), HC=humongous(continues), CS=collection set, F=free, A=archive, TAMS=top-at-mark-start (previous, next)
|   0|0x0000000080000000, 0x0000000080100000, 0x0000000080100000|100%| O|  |TAMS 0x0000000080100000, 0x0000000080000000| Untracked 
|   1|0x0000000080100000, 0x0000000080200000, 0x0000000080200000|100%| O|  |TAMS 0x0000000080200000, 0x0000000080100000| Untracked 
|   2|0x0000000080200000, 0x0000000080300000, 0x0000000080300000|100%| O|  |TAMS 0x0000000080300000, 0x0000000080200000| Untracked 
|   3|0x0000000080300000, 0x0000000080400000, 0x0000000080400000|100%|HS|  |TAMS 0x0000000080400000, 0x0000000080300000| Complete 
|   4|0x0000000080400000, 0x0000000080500000, 0x0000000080500000|100%|HC|  |TAMS 0x0000000080500000, 0x0000000080400000| Complete 
|   5|0x0000000080500000, 0x0000000080600000, 0x0000000080600000|100%|HC|  |TAMS 0x0000000080600000, 0x0000000080500000| Complete 
|   6|0x0000000080600000, 0x0000000080700000, 0x0000000080700000|100%| O|  |TAMS 0x0000000080700000, 0x0000000080600000| Untracked 
|   7|0x0000000080700000, 0x0000000080800000, 0x0000000080800000|100%| O|  |TAMS 0x0000000080800000, 0x0000000080700000| Untracked 
|   8|0x0000000080800000, 0x0000000080900000, 0x0000000080900000|100%| O|  |TAMS 0x0000000080900000, 0x0000000080800000| Untracked 
|   9|0x0000000080900000, 0x0000000080a00000, 0x0000000080a00000|100%| O|  |TAMS 0x0000000080a00000, 0x0000000080900000| Untracked 
|  10|0x0000000080a00000, 0x0000000080b00000, 0x0000000080b00000|100%| O|  |TAMS 0x0000000080b00000, 0x0000000080a00000| Untracked 
|  11|0x0000000080b00000, 0x0000000080c00000, 0x0000000080c00000|100%| O|  |TAMS 0x0000000080c00000, 0x0000000080b00000| Untracked 
|  12|0x0000000080c00000, 0x0000000080d00000, 0x0000000080d00000|100%| O|  |TAMS 0x0000000080d00000, 0x0000000080c00000| Untracked 
|  13|0x0000000080d00000, 0x0000000080e00000, 0x0000000080e00000|100%| O|  |TAMS 0x0000000080e00000, 0x0000000080d00000| Untracked 
|  14|0x0000000080e00000, 0x0000000080f00000, 0x0000000080f00000|100%| O|  |TAMS 0x0000000080f00000, 0x0000000080e00000| Untracked 
|  15|0x0000000080f00000, 0x0000000081000000, 0x0000000081000000|100%| O|  |TAMS 0x0000000081000000, 0x0000000080f00000| Untracked 
|  16|0x0000000081000000, 0x0000000081100000, 0x0000000081100000|100%| O|  |TAMS 0x0000000081100000, 0x0000000081000000| Untracked 
|  17|0x0000000081100000, 0x0000000081200000, 0x0000000081200000|100%| O|  |TAMS 0x0000000081200000, 0x0000000081100000| Untracked 
|  18|0x0000000081200000, 0x0000000081300000, 0x0000000081300000|100%| O|  |TAMS 0x0000000081300000, 0x0000000081200000| Untracked 
|  19|0x0000000081300000, 0x0000000081400000, 0x0000000081400000|100%|HS|  |TAMS 0x0000000081400000, 0x0000000081300000| Complete 
|  20|0x0000000081400000, 0x0000000081500000, 0x0000000081500000|100%| O|  |TAMS 0x0000000081500000, 0x0000000081400000| Untracked 
|  21|0x0000000081500000, 0x0000000081600000, 0x0000000081600000|100%| O|  |TAMS 0x0000000081600000, 0x0000000081500000| Untracked 
|  22|0x0000000081600000, 0x0000000081700000, 0x0000000081700000|100%| O|  |TAMS 0x0000000081700000, 0x0000000081600000| Untracked 
|  23|0x0000000081700000, 0x0000000081800000, 0x0000000081800000|100%| O|  |TAMS 0x0000000081800000, 0x0000000081700000| Untracked 
|  24|0x0000000081800000, 0x0000000081900000, 0x0000000081900000|100%| O|  |TAMS 0x0000000081900000, 0x0000000081800000| Untracked 
|  25|0x0000000081900000, 0x0000000081a00000, 0x0000000081a00000|100%| O|  |TAMS 0x0000000081a00000, 0x0000000081900000| Untracked 
|  26|0x0000000081a00000, 0x0000000081b00000, 0x0000000081b00000|100%| O|  |TAMS 0x0000000081b00000, 0x0000000081a00000| Untracked 
|  27|0x0000000081b00000, 0x0000000081c00000, 0x0000000081c00000|100%|HS|  |TAMS 0x0000000081c00000, 0x0000000081b00000| Complete 
|  28|0x0000000081c00000, 0x0000000081d00000, 0x0000000081d00000|100%|HS|  |TAMS 0x0000000081d00000, 0x0000000081c00000| Complete 
|  29|0x0000000081d00000, 0x0000000081e00000, 0x0000000081e00000|100%|HC|  |TAMS 0x0000000081e00000, 0x0000000081d00000| Complete 
|  30|0x0000000081e00000, 0x0000000081f00000, 0x0000000081f00000|100%| O|  |TAMS 0x0000000081f00000, 0x0000000081e00000| Untracked 
|  31|0x0000000081f00000, 0x0000000082000000, 0x0000000082000000|100%| O|  |TAMS 0x0000000082000000, 0x0000000081f00000| Untracked 
|  32|0x0000000082000000, 0x0000000082100000, 0x0000000082100000|100%| O|  |TAMS 0x0000000082100000, 0x0000000082000000| Untracked 
|  33|0x0000000082100000, 0x0000000082200000, 0x0000000082200000|100%| O|  |TAMS 0x0000000082200000, 0x0000000082100000| Untracked 
|  34|0x0000000082200000, 0x0000000082300000, 0x0000000082300000|100%| O|  |TAMS 0x0000000082300000, 0x0000000082200000| Untracked 
|  35|0x0000000082300000, 0x0000000082400000, 0x0000000082400000|100%| O|  |TAMS 0x0000000082400000, 0x0000000082300000| Untracked 
|  36|0x0000000082400000, 0x0000000082500000, 0x0000000082500000|100%| O|  |TAMS 0x0000000082500000, 0x0000000082400000| Untracked 
|  37|0x0000000082500000, 0x0000000082600000, 0x0000000082600000|100%| O|  |TAMS 0x0000000082600000, 0x0000000082500000| Untracked 
|  38|0x0000000082600000, 0x0000000082700000, 0x0000000082700000|100%| O|  |TAMS 0x0000000082700000, 0x0000000082600000| Untracked 
|  39|0x0000000082700000, 0x0000000082800000, 0x0000000082800000|100%| O|  |TAMS 0x0000000082800000, 0x0000000082700000| Untracked 
|  40|0x0000000082800000, 0x0000000082900000, 0x0000000082900000|100%| O|  |TAMS 0x0000000082900000, 0x0000000082800000| Untracked 
|  41|0x0000000082900000, 0x0000000082a00000, 0x0000000082a00000|100%| O|  |TAMS 0x0000000082a00000, 0x0000000082900000| Untracked 
|  42|0x0000000082a00000, 0x0000000082b00000, 0x0000000082b00000|100%| O|  |TAMS 0x0000000082b00000, 0x0000000082a00000| Untracked 
|  43|0x0000000082b00000, 0x0000000082c00000, 0x0000000082c00000|100%| O|  |TAMS 0x0000000082c00000, 0x0000000082b00000| Untracked 
|  44|0x0000000082c00000, 0x0000000082d00000, 0x0000000082d00000|100%| O|  |TAMS 0x0000000082d00000, 0x0000000082c00000| Untracked 
|  45|0x0000000082d00000, 0x0000000082e00000, 0x0000000082e00000|100%| O|  |TAMS 0x0000000082e00000, 0x0000000082d00000| Untracked 
|  46|0x0000000082e00000, 0x0000000082f00000, 0x0000000082f00000|100%| O|  |TAMS 0x0000000082f00000, 0x0000000082e00000| Untracked 
|  47|0x0000000082f00000, 0x0000000083000000, 0x0000000083000000|100%| O|  |TAMS 0x0000000083000000, 0x0000000082f00000| Untracked 
|  48|0x0000000083000000, 0x0000000083100000, 0x0000000083100000|100%| O|  |TAMS 0x0000000083100000, 0x0000000083000000| Untracked 
|  49|0x0000000083100000, 0x0000000083200000, 0x0000000083200000|100%| O|  |TAMS 0x0000000083200000, 0x0000000083100000| Untracked 
|  50|0x0000000083200000, 0x0000000083300000, 0x0000000083300000|100%| O|  |TAMS 0x0000000083300000, 0x0000000083200000| Untracked 
|  51|0x0000000083300000, 0x0000000083400000, 0x0000000083400000|100%| O|  |TAMS 0x0000000083400000, 0x0000000083300000| Untracked 
|  52|0x0000000083400000, 0x0000000083500000, 0x0000000083500000|100%| O|  |TAMS 0x0000000083500000, 0x0000000083400000| Untracked 
|  53|0x0000000083500000, 0x0000000083600000, 0x0000000083600000|100%| O|  |TAMS 0x0000000083600000, 0x0000000083500000| Untracked 
|  54|0x0000000083600000, 0x0000000083700000, 0x0000000083700000|100%| O|  |TAMS 0x0000000083700000, 0x0000000083600000| Untracked 
|  55|0x0000000083700000, 0x0000000083800000, 0x0000000083800000|100%| O|  |TAMS 0x0000000083800000, 0x0000000083700000| Untracked 
|  56|0x0000000083800000, 0x0000000083900000, 0x0000000083900000|100%| O|  |TAMS 0x0000000083900000, 0x0000000083800000| Untracked 
|  57|0x0000000083900000, 0x0000000083a00000, 0x0000000083a00000|100%| O|  |TAMS 0x0000000083a00000, 0x0000000083900000| Untracked 
|  58|0x0000000083a00000, 0x0000000083b00000, 0x0000000083b00000|100%| O|  |TAMS 0x0000000083b00000, 0x0000000083a00000| Untracked 
|  59|0x0000000083b00000, 0x0000000083c00000, 0x0000000083c00000|100%| O|  |TAMS 0x0000000083c00000, 0x0000000083b00000| Untracked 
|  60|0x0000000083c00000, 0x0000000083d00000, 0x0000000083d00000|100%| O|  |TAMS 0x0000000083d00000, 0x0000000083c00000| Untracked 
|  61|0x0000000083d00000, 0x0000000083e00000, 0x0000000083e00000|100%| O|  |TAMS 0x0000000083e00000, 0x0000000083d00000| Untracked 
|  62|0x0000000083e00000, 0x0000000083f00000, 0x0000000083f00000|100%| O|  |TAMS 0x0000000083f00000, 0x0000000083e00000| Untracked 
|  63|0x0000000083f00000, 0x0000000084000000, 0x0000000084000000|100%| O|  |TAMS 0x0000000084000000, 0x0000000083f00000| Untracked 
|  64|0x0000000084000000, 0x0000000084100000, 0x0000000084100000|100%| O|  |TAMS 0x0000000084100000, 0x0000000084000000| Untracked 
|  65|0x0000000084100000, 0x0000000084200000, 0x0000000084200000|100%| O|  |TAMS 0x0000000084200000, 0x0000000084100000| Untracked 
|  66|0x0000000084200000, 0x0000000084300000, 0x0000000084300000|100%| O|  |TAMS 0x0000000084300000, 0x0000000084200000| Untracked 
|  67|0x0000000084300000, 0x0000000084400000, 0x0000000084400000|100%| O|  |TAMS 0x0000000084300000, 0x0000000084300000| Untracked 
|  68|0x0000000084400000, 0x0000000084448600, 0x0000000084500000| 28%| O|  |TAMS 0x0000000084400000, 0x0000000084400000| Untracked 
|  69|0x0000000084500000, 0x0000000084600000, 0x0000000084600000|100%| O|  |TAMS 0x0000000084600000, 0x0000000084500000| Untracked 
|  70|0x0000000084600000, 0x0000000084700000, 0x0000000084700000|100%| O|  |TAMS 0x0000000084700000, 0x0000000084600000| Untracked 
|  71|0x0000000084700000, 0x0000000084800000, 0x0000000084800000|100%| O|  |TAMS 0x0000000084800000, 0x0000000084700000| Untracked 
|  72|0x0000000084800000, 0x0000000084900000, 0x0000000084900000|100%| O|  |TAMS 0x0000000084900000, 0x0000000084800000| Untracked 
|  73|0x0000000084900000, 0x0000000084a00000, 0x0000000084a00000|100%| O|  |TAMS 0x0000000084a00000, 0x0000000084900000| Untracked 
|  74|0x0000000084a00000, 0x0000000084b00000, 0x0000000084b00000|100%| O|  |TAMS 0x0000000084b00000, 0x0000000084a00000| Untracked 
|  75|0x0000000084b00000, 0x0000000084c00000, 0x0000000084c00000|100%| O|  |TAMS 0x0000000084c00000, 0x0000000084b00000| Untracked 
|  76|0x0000000084c00000, 0x0000000084d00000, 0x0000000084d00000|100%| O|  |TAMS 0x0000000084d00000, 0x0000000084c00000| Untracked 
|  77|0x0000000084d00000, 0x0000000084e00000, 0x0000000084e00000|100%| O|  |TAMS 0x0000000084e00000, 0x0000000084d00000| Untracked 
|  78|0x0000000084e00000, 0x0000000084f00000, 0x0000000084f00000|100%| O|  |TAMS 0x0000000084f00000, 0x0000000084e00000| Untracked 
|  79|0x0000000084f00000, 0x0000000085000000, 0x0000000085000000|100%| O|  |TAMS 0x0000000085000000, 0x0000000084f00000| Untracked 
|  80|0x0000000085000000, 0x0000000085100000, 0x0000000085100000|100%| O|  |TAMS 0x0000000085100000, 0x0000000085000000| Untracked 
|  81|0x0000000085100000, 0x0000000085200000, 0x0000000085200000|100%| O|  |TAMS 0x0000000085138800, 0x0000000085100000| Untracked 
|  82|0x0000000085200000, 0x0000000085200000, 0x0000000085300000|  0%| F|  |TAMS 0x0000000085200000, 0x0000000085200000| Untracked 
|  83|0x0000000085300000, 0x0000000085300000, 0x0000000085400000|  0%| F|  |TAMS 0x0000000085300000, 0x0000000085300000| Untracked 
|  84|0x0000000085400000, 0x0000000085400000, 0x0000000085500000|  0%| F|  |TAMS 0x0000000085400000, 0x0000000085400000| Untracked 
|  85|0x0000000085500000, 0x0000000085500000, 0x0000000085600000|  0%| F|  |TAMS 0x0000000085500000, 0x0000000085500000| Untracked 
|  86|0x0000000085600000, 0x0000000085600000, 0x0000000085700000|  0%| F|  |TAMS 0x0000000085600000, 0x0000000085600000| Untracked 
|  87|0x0000000085700000, 0x0000000085700000, 0x0000000085800000|  0%| F|  |TAMS 0x0000000085700000, 0x0000000085700000| Untracked 
|  88|0x0000000085800000, 0x0000000085800000, 0x0000000085900000|  0%| F|  |TAMS 0x0000000085800000, 0x0000000085800000| Untracked 
|  89|0x0000000085900000, 0x0000000085900000, 0x0000000085a00000|  0%| F|  |TAMS 0x0000000085900000, 0x0000000085900000| Untracked 
|  90|0x0000000085a00000, 0x0000000085a00000, 0x0000000085b00000|  0%| F|  |TAMS 0x0000000085a00000, 0x0000000085a00000| Untracked 
|  91|0x0000000085b00000, 0x0000000085b00000, 0x0000000085c00000|  0%| F|  |TAMS 0x0000000085b00000, 0x0000000085b00000| Untracked 
|  92|0x0000000085c00000, 0x0000000085c00000, 0x0000000085d00000|  0%| F|  |TAMS 0x0000000085c00000, 0x0000000085c00000| Untracked 
|  93|0x0000000085d00000, 0x0000000085d00000, 0x0000000085e00000|  0%| F|  |TAMS 0x0000000085d00000, 0x0000000085d00000| Untracked 
|  94|0x0000000085e00000, 0x0000000085e00000, 0x0000000085f00000|  0%| F|  |TAMS 0x0000000085e00000, 0x0000000085e00000| Untracked 
|  95|0x0000000085f00000, 0x0000000085f00000, 0x0000000086000000|  0%| F|  |TAMS 0x0000000085f00000, 0x0000000085f00000| Untracked 
|  96|0x0000000086000000, 0x0000000086000000, 0x0000000086100000|  0%| F|  |TAMS 0x0000000086000000, 0x0000000086000000| Untracked 
|  97|0x0000000086100000, 0x0000000086100000, 0x0000000086200000|  0%| F|  |TAMS 0x0000000086100000, 0x0000000086100000| Untracked 
|  98|0x0000000086200000, 0x0000000086200000, 0x0000000086300000|  0%| F|  |TAMS 0x0000000086200000, 0x0000000086200000| Untracked 
|  99|0x0000000086300000, 0x0000000086300000, 0x0000000086400000|  0%| F|  |TAMS 0x0000000086300000, 0x0000000086300000| Untracked 
| 100|0x0000000086400000, 0x0000000086400000, 0x0000000086500000|  0%| F|  |TAMS 0x0000000086400000, 0x0000000086400000| Untracked 
| 101|0x0000000086500000, 0x0000000086500000, 0x0000000086600000|  0%| F|  |TAMS 0x0000000086500000, 0x0000000086500000| Untracked 
| 102|0x0000000086600000, 0x0000000086600000, 0x0000000086700000|  0%| F|  |TAMS 0x0000000086600000, 0x0000000086600000| Untracked 
| 103|0x0000000086700000, 0x0000000086700000, 0x0000000086800000|  0%| F|  |TAMS 0x0000000086700000, 0x0000000086700000| Untracked 
| 104|0x0000000086800000, 0x0000000086800000, 0x0000000086900000|  0%| F|  |TAMS 0x0000000086800000, 0x0000000086800000| Untracked 
| 105|0x0000000086900000, 0x0000000086900000, 0x0000000086a00000|  0%| F|  |TAMS 0x0000000086900000, 0x0000000086900000| Untracked 
| 106|0x0000000086a00000, 0x0000000086a00000, 0x0000000086b00000|  0%| F|  |TAMS 0x0000000086a00000, 0x0000000086a00000| Untracked 
| 107|0x0000000086b00000, 0x0000000086b00000, 0x0000000086c00000|  0%| F|  |TAMS 0x0000000086b00000, 0x0000000086b00000| Untracked 
| 108|0x0000000086c00000, 0x0000000086c00000, 0x0000000086d00000|  0%| F|  |TAMS 0x0000000086c00000, 0x0000000086c00000| Untracked 
| 109|0x0000000086d00000, 0x0000000086d00000, 0x0000000086e00000|  0%| F|  |TAMS 0x0000000086d00000, 0x0000000086d00000| Untracked 
| 110|0x0000000086e00000, 0x0000000086e00000, 0x0000000086f00000|  0%| F|  |TAMS 0x0000000086e00000, 0x0000000086e00000| Untracked 
| 111|0x0000000086f00000, 0x0000000086f00000, 0x0000000087000000|  0%| F|  |TAMS 0x0000000086f00000, 0x0000000086f00000| Untracked 
| 112|0x0000000087000000, 0x0000000087000000, 0x0000000087100000|  0%| F|  |TAMS 0x0000000087000000, 0x0000000087000000| Untracked 
| 113|0x0000000087100000, 0x0000000087100000, 0x0000000087200000|  0%| F|  |TAMS 0x0000000087100000, 0x0000000087100000| Untracked 
| 114|0x0000000087200000, 0x0000000087200000, 0x0000000087300000|  0%| F|  |TAMS 0x0000000087200000, 0x0000000087200000| Untracked 
| 115|0x0000000087300000, 0x0000000087300000, 0x0000000087400000|  0%| F|  |TAMS 0x0000000087300000, 0x0000000087300000| Untracked 
| 116|0x0000000087400000, 0x0000000087400000, 0x0000000087500000|  0%| F|  |TAMS 0x0000000087400000, 0x0000000087400000| Untracked 
| 117|0x0000000087500000, 0x0000000087500000, 0x0000000087600000|  0%| F|  |TAMS 0x0000000087500000, 0x0000000087500000| Untracked 
| 118|0x0000000087600000, 0x0000000087600000, 0x0000000087700000|  0%| F|  |TAMS 0x0000000087600000, 0x0000000087600000| Untracked 
| 119|0x0000000087700000, 0x0000000087700000, 0x0000000087800000|  0%| F|  |TAMS 0x0000000087700000, 0x0000000087700000| Untracked 
| 120|0x0000000087800000, 0x0000000087800000, 0x0000000087900000|  0%| F|  |TAMS 0x0000000087800000, 0x0000000087800000| Untracked 
| 121|0x0000000087900000, 0x0000000087900000, 0x0000000087a00000|  0%| F|  |TAMS 0x0000000087900000, 0x0000000087900000| Untracked 
| 122|0x0000000087a00000, 0x0000000087a00000, 0x0000000087b00000|  0%| F|  |TAMS 0x0000000087a00000, 0x0000000087a00000| Untracked 
| 123|0x0000000087b00000, 0x0000000087b00000, 0x0000000087c00000|  0%| F|  |TAMS 0x0000000087b00000, 0x0000000087b00000| Untracked 
| 124|0x0000000087c00000, 0x0000000087c00000, 0x0000000087d00000|  0%| F|  |TAMS 0x0000000087c00000, 0x0000000087c00000| Untracked 
| 125|0x0000000087d00000, 0x0000000087d00000, 0x0000000087e00000|  0%| F|  |TAMS 0x0000000087d00000, 0x0000000087d00000| Untracked 
| 126|0x0000000087e00000, 0x0000000087e00000, 0x0000000087f00000|  0%| F|  |TAMS 0x0000000087e00000, 0x0000000087e00000| Untracked 
| 127|0x0000000087f00000, 0x0000000087f00000, 0x0000000088000000|  0%| F|  |TAMS 0x0000000087f00000, 0x0000000087f00000| Untracked 
| 128|0x0000000088000000, 0x0000000088000000, 0x0000000088100000|  0%| F|  |TAMS 0x0000000088000000, 0x0000000088000000| Untracked 
| 129|0x0000000088100000, 0x0000000088100000, 0x0000000088200000|  0%| F|  |TAMS 0x0000000088100000, 0x0000000088100000| Untracked 
| 130|0x0000000088200000, 0x0000000088200000, 0x0000000088300000|  0%| F|  |TAMS 0x0000000088200000, 0x0000000088200000| Untracked 
| 131|0x0000000088300000, 0x0000000088300000, 0x0000000088400000|  0%| F|  |TAMS 0x0000000088300000, 0x0000000088300000| Untracked 
| 132|0x0000000088400000, 0x0000000088400000, 0x0000000088500000|  0%| F|  |TAMS 0x0000000088400000, 0x0000000088400000| Untracked 
| 133|0x0000000088500000, 0x0000000088500000, 0x0000000088600000|  0%| F|  |TAMS 0x0000000088500000, 0x0000000088500000| Untracked 
| 134|0x0000000088600000, 0x0000000088600000, 0x0000000088700000|  0%| F|  |TAMS 0x0000000088600000, 0x0000000088600000| Untracked 
| 135|0x0000000088700000, 0x0000000088700000, 0x0000000088800000|  0%| F|  |TAMS 0x0000000088700000, 0x0000000088700000| Untracked 
| 136|0x0000000088800000, 0x0000000088800000, 0x0000000088900000|  0%| F|  |TAMS 0x0000000088800000, 0x0000000088800000| Untracked 
| 137|0x0000000088900000, 0x0000000088900000, 0x0000000088a00000|  0%| F|  |TAMS 0x0000000088900000, 0x0000000088900000| Untracked 
| 138|0x0000000088a00000, 0x0000000088a00000, 0x0000000088b00000|  0%| F|  |TAMS 0x0000000088a00000, 0x0000000088a00000| Untracked 
| 139|0x0000000088b00000, 0x0000000088b00000, 0x0000000088c00000|  0%| F|  |TAMS 0x0000000088b00000, 0x0000000088b00000| Untracked 
| 140|0x0000000088c00000, 0x0000000088c00000, 0x0000000088d00000|  0%| F|  |TAMS 0x0000000088c00000, 0x0000000088c00000| Untracked 
| 141|0x0000000088d00000, 0x0000000088d00000, 0x0000000088e00000|  0%| F|  |TAMS 0x0000000088d00000, 0x0000000088d00000| Untracked 
| 142|0x0000000088e00000, 0x0000000088e00000, 0x0000000088f00000|  0%| F|  |TAMS 0x0000000088e00000, 0x0000000088e00000| Untracked 
| 143|0x0000000088f00000, 0x0000000088f00000, 0x0000000089000000|  0%| F|  |TAMS 0x0000000088f00000, 0x0000000088f00000| Untracked 
| 144|0x0000000089000000, 0x0000000089000000, 0x0000000089100000|  0%| F|  |TAMS 0x0000000089000000, 0x0000000089000000| Untracked 
| 145|0x0000000089100000, 0x0000000089100000, 0x0000000089200000|  0%| F|  |TAMS 0x0000000089100000, 0x0000000089100000| Untracked 
| 146|0x0000000089200000, 0x0000000089200000, 0x0000000089300000|  0%| F|  |TAMS 0x0000000089200000, 0x0000000089200000| Untracked 
| 147|0x0000000089300000, 0x0000000089300000, 0x0000000089400000|  0%| F|  |TAMS 0x0000000089300000, 0x0000000089300000| Untracked 
| 148|0x0000000089400000, 0x0000000089400000, 0x0000000089500000|  0%| F|  |TAMS 0x0000000089400000, 0x0000000089400000| Untracked 
| 149|0x0000000089500000, 0x000000008952fc60, 0x0000000089600000| 18%| E|  |TAMS 0x0000000089500000, 0x0000000089500000| Complete 
| 150|0x0000000089600000, 0x0000000089700000, 0x0000000089700000|100%| E|CS|TAMS 0x0000000089600000, 0x0000000089600000| Complete 
| 151|0x0000000089700000, 0x0000000089800000, 0x0000000089800000|100%| E|CS|TAMS 0x0000000089700000, 0x0000000089700000| Complete 
| 152|0x0000000089800000, 0x0000000089900000, 0x0000000089900000|100%| E|CS|TAMS 0x0000000089800000, 0x0000000089800000| Complete 
| 153|0x0000000089900000, 0x0000000089a00000, 0x0000000089a00000|100%| E|CS|TAMS 0x0000000089900000, 0x0000000089900000| Complete 
| 154|0x0000000089a00000, 0x0000000089b00000, 0x0000000089b00000|100%| E|CS|TAMS 0x0000000089a00000, 0x0000000089a00000| Complete 
| 155|0x0000000089b00000, 0x0000000089c00000, 0x0000000089c00000|100%| E|CS|TAMS 0x0000000089b00000, 0x0000000089b00000| Complete 
| 156|0x0000000089c00000, 0x0000000089d00000, 0x0000000089d00000|100%| E|CS|TAMS 0x0000000089c00000, 0x0000000089c00000| Complete 
| 157|0x0000000089d00000, 0x0000000089e00000, 0x0000000089e00000|100%| E|CS|TAMS 0x0000000089d00000, 0x0000000089d00000| Complete 
| 158|0x0000000089e00000, 0x0000000089f00000, 0x0000000089f00000|100%| E|CS|TAMS 0x0000000089e00000, 0x0000000089e00000| Complete 
| 159|0x0000000089f00000, 0x000000008a000000, 0x000000008a000000|100%| E|CS|TAMS 0x0000000089f00000, 0x0000000089f00000| Complete 
| 160|0x000000008a000000, 0x000000008a100000, 0x000000008a100000|100%| E|CS|TAMS 0x000000008a000000, 0x000000008a000000| Complete 
| 161|0x000000008a100000, 0x000000008a200000, 0x000000008a200000|100%| E|CS|TAMS 0x000000008a100000, 0x000000008a100000| Complete 
| 162|0x000000008a200000, 0x000000008a300000, 0x000000008a300000|100%| E|CS|TAMS 0x000000008a200000, 0x000000008a200000| Complete 
| 163|0x000000008a300000, 0x000000008a400000, 0x000000008a400000|100%| E|CS|TAMS 0x000000008a300000, 0x000000008a300000| Complete 
| 164|0x000000008a400000, 0x000000008a500000, 0x000000008a500000|100%| E|CS|TAMS 0x000000008a400000, 0x000000008a400000| Complete 
| 165|0x000000008a500000, 0x000000008a600000, 0x000000008a600000|100%| E|CS|TAMS 0x000000008a500000, 0x000000008a500000| Complete 
| 166|0x000000008a600000, 0x000000008a700000, 0x000000008a700000|100%| E|CS|TAMS 0x000000008a600000, 0x000000008a600000| Complete 
| 167|0x000000008a700000, 0x000000008a800000, 0x000000008a800000|100%| E|CS|TAMS 0x000000008a700000, 0x000000008a700000| Complete 
| 168|0x000000008a800000, 0x000000008a900000, 0x000000008a900000|100%| E|CS|TAMS 0x000000008a800000, 0x000000008a800000| Complete 
| 169|0x000000008a900000, 0x000000008aa00000, 0x000000008aa00000|100%| E|CS|TAMS 0x000000008a900000, 0x000000008a900000| Complete 
| 170|0x000000008aa00000, 0x000000008ab00000, 0x000000008ab00000|100%| E|CS|TAMS 0x000000008aa00000, 0x000000008aa00000| Complete 
| 171|0x000000008ab00000, 0x000000008abd7f58, 0x000000008ac00000| 84%| S|CS|TAMS 0x000000008ab00000, 0x000000008ab00000| Complete 
| 172|0x000000008ac00000, 0x000000008ad00000, 0x000000008ad00000|100%| E|CS|TAMS 0x000000008ac00000, 0x000000008ac00000| Complete 
| 173|0x000000008ad00000, 0x000000008ae00000, 0x000000008ae00000|100%| E|CS|TAMS 0x000000008ad00000, 0x000000008ad00000| Complete 
| 174|0x000000008ae00000, 0x000000008af00000, 0x000000008af00000|100%| E|CS|TAMS 0x000000008ae00000, 0x000000008ae00000| Complete 
| 175|0x000000008af00000, 0x000000008b000000, 0x000000008b000000|100%| E|CS|TAMS 0x000000008af00000, 0x000000008af00000| Complete 
| 176|0x000000008b000000, 0x000000008b100000, 0x000000008b100000|100%| E|CS|TAMS 0x000000008b000000, 0x000000008b000000| Complete 
| 177|0x000000008b100000, 0x000000008b200000, 0x000000008b200000|100%| E|CS|TAMS 0x000000008b100000, 0x000000008b100000| Complete 
| 178|0x000000008b200000, 0x000000008b300000, 0x000000008b300000|100%| E|CS|TAMS 0x000000008b200000, 0x000000008b200000| Complete 
| 179|0x000000008b300000, 0x000000008b400000, 0x000000008b400000|100%| O|  |TAMS 0x000000008b300000, 0x000000008b300000| Untracked 
| 180|0x000000008b400000, 0x000000008b500000, 0x000000008b500000|100%| E|CS|TAMS 0x000000008b400000, 0x000000008b400000| Complete 
| 181|0x000000008b500000, 0x000000008b600000, 0x000000008b600000|100%| O|  |TAMS 0x000000008b500000, 0x000000008b500000| Untracked 
| 182|0x000000008b600000, 0x000000008b700000, 0x000000008b700000|100%| E|CS|TAMS 0x000000008b600000, 0x000000008b600000| Complete 

Card table byte_map: [0x00000203407c0000,0x0000020340bc0000] _byte_map_base: 0x00000203403c0000

Marking Bits (Prev, Next): (CMBitMap*) 0x000002032bb1d930, (CMBitMap*) 0x000002032bb1d8f8
 Prev Bits: [0x0000020342fc0000, 0x0000020344fc0000)
 Next Bits: [0x0000020340fc0000, 0x0000020342fc0000)

Polling page: 0x000002032b8b0000

Metaspace:

Usage:
  Non-class:     97.71 MB capacity,    95.92 MB ( 98%) used,     1.44 MB (  1%) free+waste,   356.38 KB ( <1%) overhead. 
      Class:     15.25 MB capacity,    14.16 MB ( 93%) used,   958.58 KB (  6%) free+waste,   160.75 KB (  1%) overhead. 
       Both:    112.96 MB capacity,   110.08 MB ( 97%) used,     2.38 MB (  2%) free+waste,   517.13 KB ( <1%) overhead. 

Virtual space:
  Non-class space:       98.00 MB reserved,      97.96 MB (>99%) committed 
      Class space:        1.00 GB reserved,      15.32 MB (  1%) committed 
             Both:        1.10 GB reserved,     113.28 MB ( 10%) committed 

Chunk freelists:
   Non-Class:  1.00 KB
       Class:  0 bytes
        Both:  1.00 KB

MaxMetaspaceSize: 17179869184.00 GB
CompressedClassSpaceSize: 1.00 GB

CodeHeap 'non-profiled nmethods': size=120064Kb used=9034Kb max_used=9034Kb free=111029Kb
 bounds [0x0000020338860000, 0x0000020339140000, 0x000002033fda0000]
CodeHeap 'profiled nmethods': size=120000Kb used=31079Kb max_used=31079Kb free=88920Kb
 bounds [0x0000020331330000, 0x0000020333190000, 0x0000020338860000]
CodeHeap 'non-nmethods': size=5696Kb used=2331Kb max_used=2382Kb free=3364Kb
 bounds [0x0000020330da0000, 0x0000020331010000, 0x0000020331330000]
 total_blobs=15384 nmethods=14434 adapters=860
 compilation: enabled
              stopped_count=0, restarted_count=0
 full_count=0

Compilation events (20 events):
Event: 956.772 Thread 0x000002034764d800 nmethod 14558 0x0000020333184410 code [0x00000203331845c0, 0x0000020333184778]
Event: 956.772 Thread 0x000002034764d800 14559       3       org.gradle.api.internal.artifacts.configurations.DefaultConfiguration$ConfigurationFileCollection::<init> (16 bytes)
Event: 956.772 Thread 0x000002034764d800 nmethod 14559 0x0000020333184890 code [0x0000020333184a40, 0x0000020333184b88]
Event: 956.772 Thread 0x000002034764d800 14560       3       org.gradle.api.internal.artifacts.configurations.DefaultConfiguration$ConfigurationFileCollection::<init> (44 bytes)
Event: 956.774 Thread 0x000002034764d800 nmethod 14560 0x0000020333184c90 code [0x0000020333184e60, 0x00000203331852d8]
Event: 956.911 Thread 0x000002034763d800 14561       4       java.lang.Class::annotationData (44 bytes)
Event: 956.920 Thread 0x000002034764d800 14562       3       com.android.build.gradle.internal.api.DefaultAndroidSourceSet_Decorated::getName (40 bytes)
Event: 956.927 Thread 0x000002034764d800 nmethod 14562 0x0000020333185410 code [0x0000020333185640, 0x0000020333185d08]
Event: 956.966 Thread 0x000002034764d800 14563       3       org.gradle.api.internal.artifacts.configurations.DefaultConfiguration$ConfigurationResolvableDependencies::beforeResolve (26 bytes)
Event: 956.970 Thread 0x000002034764d800 nmethod 14563 0x0000020333185f10 code [0x0000020333186180, 0x0000020333186e48]
Event: 956.970 Thread 0x000002034764d800 14564       3       org.gradle.api.internal.project.DefaultProject::getModel (5 bytes)
Event: 956.971 Thread 0x000002034764d800 nmethod 14564 0x0000020333187290 code [0x0000020333187440, 0x00000203331875d8]
Event: 957.162 Thread 0x000002034764d800 14565       3       org.gradle.api.internal.model.DefaultObjectFactory::newInstance (12 bytes)
Event: 957.162 Thread 0x000002034764d800 nmethod 14565 0x0000020333187690 code [0x0000020333187840, 0x0000020333187a08]
Event: 957.213 Thread 0x000002034764d800 14567       3       com.google.common.collect.ImmutableSet$RegularSetBuilderImpl::add (122 bytes)
Event: 957.218 Thread 0x000002034764d800 nmethod 14567 0x0000020333187b10 code [0x0000020333187da0, 0x0000020333188a28]
Event: 957.218 Thread 0x000002034764d800 14568       3       com.google.common.collect.ImmutableSet$SetBuilderImpl::addDedupedElement (28 bytes)
Event: 957.224 Thread 0x000002034764d800 nmethod 14568 0x0000020333188f90 code [0x0000020333189180, 0x0000020333189638]
Event: 957.224 Thread 0x000002034764d800 14569       3       com.google.common.collect.ImmutableSet$SetBuilderImpl::ensureCapacity (32 bytes)
Event: 957.225 Thread 0x000002034764d800 nmethod 14569 0x0000020333189810 code [0x00000203331899e0, 0x0000020333189c78]

GC Heap History (20 events):
Event: 24.198 GC heap before
{Heap before GC invocations=20 (full 0):
 garbage-first heap   total 157696K, used 115693K [0x0000000080000000, 0x0000000100000000)
  region size 1024K, 62 young (63488K), 8 survivors (8192K)
 Metaspace       used 81514K, capacity 83481K, committed 83788K, reserved 1122304K
  class space    used 10501K, capacity 11225K, committed 11340K, reserved 1048576K
}
Event: 24.216 GC heap after
{Heap after GC invocations=21 (full 0):
 garbage-first heap   total 157696K, used 65536K [0x0000000080000000, 0x0000000100000000)
  region size 1024K, 4 young (4096K), 4 survivors (4096K)
 Metaspace       used 81514K, capacity 83481K, committed 83788K, reserved 1122304K
  class space    used 10501K, capacity 11225K, committed 11340K, reserved 1048576K
}
Event: 25.494 GC heap before
{Heap before GC invocations=21 (full 0):
 garbage-first heap   total 157696K, used 118784K [0x0000000080000000, 0x0000000100000000)
  region size 1024K, 57 young (58368K), 4 survivors (4096K)
 Metaspace       used 82414K, capacity 84503K, committed 84556K, reserved 1122304K
  class space    used 10583K, capacity 11327K, committed 11340K, reserved 1048576K
}
Event: 25.505 GC heap after
{Heap after GC invocations=22 (full 0):
 garbage-first heap   total 157696K, used 68608K [0x0000000080000000, 0x0000000100000000)
  region size 1024K, 7 young (7168K), 7 survivors (7168K)
 Metaspace       used 82414K, capacity 84503K, committed 84556K, reserved 1122304K
  class space    used 10583K, capacity 11327K, committed 11340K, reserved 1048576K
}
Event: 26.863 GC heap before
{Heap before GC invocations=22 (full 0):
 garbage-first heap   total 157696K, used 121856K [0x0000000080000000, 0x0000000100000000)
  region size 1024K, 60 young (61440K), 7 survivors (7168K)
 Metaspace       used 85223K, capacity 87301K, committed 87500K, reserved 1124352K
  class space    used 10826K, capacity 11585K, committed 11724K, reserved 1048576K
}
Event: 26.877 GC heap after
{Heap after GC invocations=23 (full 0):
 garbage-first heap   total 157696K, used 71014K [0x0000000080000000, 0x0000000100000000)
  region size 1024K, 6 young (6144K), 6 survivors (6144K)
 Metaspace       used 85223K, capacity 87301K, committed 87500K, reserved 1124352K
  class space    used 10826K, capacity 11585K, committed 11724K, reserved 1048576K
}
Event: 221.094 GC heap before
{Heap before GC invocations=23 (full 0):
 garbage-first heap   total 157696K, used 125286K [0x0000000080000000, 0x0000000100000000)
  region size 1024K, 59 young (60416K), 6 survivors (6144K)
 Metaspace       used 87494K, capacity 89687K, committed 89932K, reserved 1128448K
  class space    used 10985K, capacity 11789K, committed 11852K, reserved 1048576K
}
Event: 221.146 GC heap after
{Heap after GC invocations=24 (full 0):
 garbage-first heap   total 157696K, used 76212K [0x0000000080000000, 0x0000000100000000)
  region size 1024K, 8 young (8192K), 8 survivors (8192K)
 Metaspace       used 87494K, capacity 89687K, committed 89932K, reserved 1128448K
  class space    used 10985K, capacity 11789K, committed 11852K, reserved 1048576K
}
Event: 224.213 GC heap before
{Heap before GC invocations=24 (full 0):
 garbage-first heap   total 157696K, used 127412K [0x0000000080000000, 0x0000000100000000)
  region size 1024K, 57 young (58368K), 8 survivors (8192K)
 Metaspace       used 94375K, capacity 96737K, committed 96972K, reserved 1134592K
  class space    used 11846K, capacity 12689K, committed 12748K, reserved 1048576K
}
Event: 224.244 GC heap after
{Heap after GC invocations=25 (full 0):
 garbage-first heap   total 157696K, used 85665K [0x0000000080000000, 0x0000000100000000)
  region size 1024K, 8 young (8192K), 8 survivors (8192K)
 Metaspace       used 94375K, capacity 96737K, committed 96972K, reserved 1134592K
  class space    used 11846K, capacity 12689K, committed 12748K, reserved 1048576K
}
Event: 226.399 GC heap before
{Heap before GC invocations=25 (full 0):
 garbage-first heap   total 157696K, used 124577K [0x0000000080000000, 0x0000000100000000)
  region size 1024K, 47 young (48128K), 8 survivors (8192K)
 Metaspace       used 98144K, capacity 100571K, committed 100812K, reserved 1136640K
  class space    used 12330K, capacity 13224K, committed 13260K, reserved 1048576K
}
Event: 226.420 GC heap after
{Heap after GC invocations=26 (full 0):
 garbage-first heap   total 157696K, used 83850K [0x0000000080000000, 0x0000000100000000)
  region size 1024K, 2 young (2048K), 2 survivors (2048K)
 Metaspace       used 98144K, capacity 100571K, committed 100812K, reserved 1136640K
  class space    used 12330K, capacity 13224K, committed 13260K, reserved 1048576K
}
Event: 228.993 GC heap before
{Heap before GC invocations=27 (full 0):
 garbage-first heap   total 157696K, used 127882K [0x0000000080000000, 0x0000000100000000)
  region size 1024K, 46 young (47104K), 2 survivors (2048K)
 Metaspace       used 107723K, capacity 110527K, committed 110752K, reserved 1144832K
  class space    used 13882K, capacity 14930K, committed 15052K, reserved 1048576K
}
Event: 229.003 GC heap after
{Heap after GC invocations=28 (full 0):
 garbage-first heap   total 157696K, used 85298K [0x0000000080000000, 0x0000000100000000)
  region size 1024K, 4 young (4096K), 4 survivors (4096K)
 Metaspace       used 107723K, capacity 110527K, committed 110752K, reserved 1144832K
  class space    used 13882K, capacity 14930K, committed 15052K, reserved 1048576K
}
Event: 230.120 GC heap before
{Heap before GC invocations=28 (full 0):
 garbage-first heap   total 157696K, used 128306K [0x0000000080000000, 0x0000000100000000)
  region size 1024K, 47 young (48128K), 4 survivors (4096K)
 Metaspace       used 110672K, capacity 113486K, committed 113696K, reserved 1146880K
  class space    used 14250K, capacity 15327K, committed 15436K, reserved 1048576K
}
Event: 230.135 GC heap after
{Heap after GC invocations=29 (full 0):
 garbage-first heap   total 157696K, used 87412K [0x0000000080000000, 0x0000000100000000)
  region size 1024K, 5 young (5120K), 5 survivors (5120K)
 Metaspace       used 110672K, capacity 113486K, committed 113696K, reserved 1146880K
  class space    used 14250K, capacity 15327K, committed 15436K, reserved 1048576K
}
Event: 231.415 GC heap before
{Heap before GC invocations=30 (full 0):
 garbage-first heap   total 181248K, used 178548K [0x0000000080000000, 0x0000000100000000)
  region size 1024K, 30 young (30720K), 5 survivors (5120K)
 Metaspace       used 112217K, capacity 115154K, committed 115488K, reserved 1148928K
  class space    used 14464K, capacity 15567K, committed 15692K, reserved 1048576K
}
Event: 231.431 GC heap after
{Heap after GC invocations=31 (full 0):
 garbage-first heap   total 187392K, used 86432K [0x0000000080000000, 0x0000000100000000)
  region size 1024K, 4 young (4096K), 4 survivors (4096K)
 Metaspace       used 112217K, capacity 115154K, committed 115488K, reserved 1148928K
  class space    used 14464K, capacity 15567K, committed 15692K, reserved 1048576K
}
Event: 335.242 GC heap before
{Heap before GC invocations=31 (full 0):
 garbage-first heap   total 187392K, used 91552K [0x0000000080000000, 0x0000000100000000)
  region size 1024K, 9 young (9216K), 4 survivors (4096K)
 Metaspace       used 112417K, capacity 115337K, committed 115488K, reserved 1148928K
  class space    used 14493K, capacity 15607K, committed 15692K, reserved 1048576K
}
Event: 335.321 GC heap after
{Heap after GC invocations=32 (full 0):
 garbage-first heap   total 187392K, used 86145K [0x0000000080000000, 0x0000000100000000)
  region size 1024K, 1 young (1024K), 1 survivors (1024K)
 Metaspace       used 112417K, capacity 115337K, committed 115488K, reserved 1148928K
  class space    used 14493K, capacity 15607K, committed 15692K, reserved 1048576K
}

Deoptimization events (20 events):
Event: 553.241 Thread 0x0000020349a6a000 DEOPT PACKING pc=0x00000203390ebca8 sp=0x0000007962dfe6e0
Event: 553.241 Thread 0x0000020349a6a000 DEOPT UNPACKING pc=0x0000020330dc78af sp=0x0000007962dfe668 mode 2
Event: 642.848 Thread 0x000002034a8b8000 DEOPT PACKING pc=0x0000020332cabf44 sp=0x0000007963cfe9d0
Event: 642.850 Thread 0x000002034a8b8000 DEOPT UNPACKING pc=0x0000020330dc76ce sp=0x0000007963cfdf70 mode 0
Event: 904.989 Thread 0x000002034a542800 DEOPT PACKING pc=0x0000020332d1a48f sp=0x0000007962efe430
Event: 904.990 Thread 0x000002034a542800 DEOPT UNPACKING pc=0x0000020330dc76ce sp=0x0000007962efd938 mode 0
Event: 954.557 Thread 0x0000020352a74800 DEOPT PACKING pc=0x0000020332cabf44 sp=0x00000079648fd4c0
Event: 954.558 Thread 0x0000020352a74800 DEOPT UNPACKING pc=0x0000020330dc76ce sp=0x00000079648fca60 mode 0
Event: 954.697 Thread 0x0000020352a74800 DEOPT PACKING pc=0x0000020332cabf44 sp=0x00000079648fd4c0
Event: 954.698 Thread 0x0000020352a74800 DEOPT UNPACKING pc=0x0000020330dc76ce sp=0x00000079648fca60 mode 0
Event: 954.786 Thread 0x0000020352a73800 DEOPT PACKING pc=0x0000020332cabf44 sp=0x00000079646fcf20
Event: 954.787 Thread 0x0000020352a73800 DEOPT UNPACKING pc=0x0000020330dc76ce sp=0x00000079646fc4c0 mode 0
Event: 954.923 Thread 0x0000020352a68800 DEOPT PACKING pc=0x0000020332cabf44 sp=0x00000079630f79f0
Event: 954.923 Thread 0x0000020352a68800 DEOPT UNPACKING pc=0x0000020330dc76ce sp=0x00000079630f6f90 mode 0
Event: 955.252 Thread 0x0000020352a6f000 Uncommon trap: trap_request=0xffffff4d fr.pc=0x00000203390bc628 relative=0x0000000000006968
Event: 955.252 Thread 0x0000020352a6f000 Uncommon trap: reason=unstable_if action=reinterpret pc=0x00000203390bc628 method=java.io.ObjectOutputStream.writeOrdinaryObject(Ljava/lang/Object;Ljava/io/ObjectStreamClass;Z)V @ 113 c2
Event: 955.253 Thread 0x0000020352a6f000 DEOPT PACKING pc=0x00000203390bc628 sp=0x00000079633fdda0
Event: 955.254 Thread 0x0000020352a6f000 DEOPT UNPACKING pc=0x0000020330dc78af sp=0x00000079633fdd30 mode 2
Event: 955.370 Thread 0x0000020352a68800 DEOPT PACKING pc=0x00000203317d5891 sp=0x00000079630f90a0
Event: 955.371 Thread 0x0000020352a68800 DEOPT UNPACKING pc=0x0000020330dc76ce sp=0x00000079630f8578 mode 0

Classes redefined (0 events):
No events

Internal exceptions (20 events):
Event: 228.213 Thread 0x000002034a8b5800 Exception <a 'java/lang/NoSuchMethodError'{0x0000000087b81ce8}: 'void java.lang.invoke.DirectMethodHandle$Holder.invokeVirtual(java.lang.Object, java.lang.Object, int)'> (0x0000000087b81ce8) thrown at [./src/hotspot/share/interpreter/linkResolver.cpp, line 773]
Event: 228.245 Thread 0x000002034a8b5800 Exception <a 'sun/nio/fs/WindowsException'{0x0000000087beee68}> (0x0000000087beee68) thrown at [./src/hotspot/share/prims/jni.cpp, line 615]
Event: 228.338 Thread 0x000002034aff0000 Exception <a 'java/lang/NoSuchMethodError'{0x000000008795de68}: <clinit>> (0x000000008795de68) thrown at [./src/hotspot/share/prims/jni.cpp, line 1362]
Event: 228.561 Thread 0x000002034a8b6800 Exception <a 'sun/nio/fs/WindowsException'{0x0000000087686918}> (0x0000000087686918) thrown at [./src/hotspot/share/prims/jni.cpp, line 615]
Event: 228.760 Thread 0x000002034a8b6800 Exception <a 'java/lang/IncompatibleClassChangeError'{0x0000000086f442e0}: Found class java.lang.Object, but interface was expected> (0x0000000086f442e0) thrown at [./src/hotspot/share/interpreter/linkResolver.cpp, line 839]
Event: 228.815 Thread 0x000002034a8b6800 Exception <a 'java/lang/IncompatibleClassChangeError'{0x0000000086e59df8}: Found class java.lang.Object, but interface was expected> (0x0000000086e59df8) thrown at [./src/hotspot/share/interpreter/linkResolver.cpp, line 839]
Event: 228.842 Thread 0x000002034a8b6800 Exception <a 'sun/nio/fs/WindowsException'{0x0000000086efc078}> (0x0000000086efc078) thrown at [./src/hotspot/share/prims/jni.cpp, line 615]
Event: 230.103 Thread 0x000002034aff0000 Exception <a 'java/lang/NoSuchMethodError'{0x0000000086f2b498}: <clinit>> (0x0000000086f2b498) thrown at [./src/hotspot/share/prims/jni.cpp, line 1362]
Event: 230.105 Thread 0x000002034aff0000 Exception <a 'java/lang/NoSuchMethodError'{0x0000000086f3dd60}: <clinit>> (0x0000000086f3dd60) thrown at [./src/hotspot/share/prims/jni.cpp, line 1362]
Event: 230.320 Thread 0x000002034a8b4000 Exception <a 'sun/nio/fs/WindowsException'{0x0000000089792198}> (0x0000000089792198) thrown at [./src/hotspot/share/prims/jni.cpp, line 615]
Event: 230.330 Thread 0x000002034a8b4000 Implicit null exception at 0x0000020338f60f80 to 0x0000020338f6290c
Event: 230.448 Thread 0x000002034a8b4000 Exception <a 'java/lang/NoSuchMethodError'{0x00000000893bd8b8}: 'java.lang.Object java.lang.invoke.DirectMethodHandle$Holder.invokeStatic(java.lang.Object, java.lang.Object, java.lang.Object, java.lang.Object, java.lang.Object, int, java.lang.Object)'> (0x00000000893bd8b8) thrown at [./src/hotspot/share/interpreter/linkResolver.cpp, line 773]
Event: 230.449 Thread 0x000002034a8b4000 Exception <a 'java/lang/NoSuchMethodError'{0x00000000893c5040}: 'java.lang.Object java.lang.invoke.Invokers$Holder.linkToTargetMethod(java.lang.Object, java.lang.Object, java.lang.Object, java.lang.Object, int, java.lang.Object, java.lang.Object)'> (0x00000000893c5040) thrown at [./src/hotspot/share/interpreter/linkResolver.cpp, line 773]
Event: 230.514 Thread 0x000002034a8b4000 Exception <a 'java/lang/NoSuchMethodError'{0x0000000088fcdc10}: 'java.lang.Object java.lang.invoke.DirectMethodHandle$Holder.invokeStatic(java.lang.Object, java.lang.Object, java.lang.Object, java.lang.Object, java.lang.Object, java.lang.Object, java.lang.Object, int)'> (0x0000000088fcdc10) thrown at [./src/hotspot/share/interpreter/linkResolver.cpp, line 773]
Event: 230.514 Thread 0x000002034a8b4000 Exception <a 'java/lang/NoSuchMethodError'{0x0000000088fd2288}: 'java.lang.Object java.lang.invoke.DirectMethodHandle$Holder.invokeSpecial(java.lang.Object, java.lang.Object, java.lang.Object, java.lang.Object, java.lang.Object, java.lang.Object, java.lang.Object, java.lang.Object, int)'> (0x0000000088fd2288) thrown at [./src/hotspot/share/interpreter/linkResolver.cpp, line 773]
Event: 230.514 Thread 0x000002034a8b4000 Exception <a 'java/lang/NoSuchMethodError'{0x0000000088fd62e8}: 'java.lang.Object java.lang.invoke.Invokers$Holder.linkToTargetMethod(java.lang.Object, java.lang.Object, java.lang.Object, java.lang.Object, java.lang.Object, java.lang.Object, int, java.lang.Object)'> (0x0000000088fd62e8) thrown at [./src/hotspot/share/interpreter/linkResolver.cpp, line 773]
Event: 231.504 Thread 0x000002034a8b4000 Exception <a 'java/lang/NoSuchMethodError'{0x000000008af12e48}: 'java.lang.Object java.lang.invoke.DirectMethodHandle$Holder.invokeVirtual(java.lang.Object, java.lang.Object, int)'> (0x000000008af12e48) thrown at [./src/hotspot/share/interpreter/linkResolver.cpp, line 773]
Event: 231.508 Thread 0x000002034a8b4000 Implicit null exception at 0x00000203389f926b to 0x00000203389f928c
Event: 231.805 Thread 0x0000020352a6a000 Exception <a 'sun/nio/fs/WindowsException'{0x000000008afd1cb8}> (0x000000008afd1cb8) thrown at [./src/hotspot/share/prims/jni.cpp, line 615]
Event: 956.871 Thread 0x0000020352a68800 Exception <a 'sun/nio/fs/WindowsException'{0x00000000896f3328}> (0x00000000896f3328) thrown at [./src/hotspot/share/prims/jni.cpp, line 615]

Events (20 events):
Event: 949.095 Executing VM operation: RevokeBias done
Event: 949.160 Thread 0x0000020352a6a000 Thread added: 0x0000020352a6a000
Event: 949.211 Thread 0x0000020352a69000 Thread added: 0x0000020352a69000
Event: 949.225 Thread 0x0000020352a6f000 Thread added: 0x0000020352a6f000
Event: 950.160 Thread 0x0000020352a70800 Thread added: 0x0000020352a70800
Event: 950.247 Executing VM operation: RevokeBias
Event: 950.252 Executing VM operation: RevokeBias done
Event: 950.866 Thread 0x0000020352a6b800 Thread added: 0x0000020352a6b800
Event: 950.899 Thread 0x0000020352a6a800 Thread added: 0x0000020352a6a800
Event: 950.947 Thread 0x0000020352a75800 Thread added: 0x0000020352a75800
Event: 951.204 Thread 0x0000020352a6f800 Thread added: 0x0000020352a6f800
Event: 951.697 Thread 0x0000020352a71800 Thread added: 0x0000020352a71800
Event: 954.448 Thread 0x0000020352a73800 Thread added: 0x0000020352a73800
Event: 954.450 Thread 0x0000020352a72000 Thread added: 0x0000020352a72000
Event: 954.450 Executing VM operation: RevokeBias
Event: 954.452 Executing VM operation: RevokeBias done
Event: 954.454 Thread 0x0000020352a74800 Thread added: 0x0000020352a74800
Event: 954.457 Thread 0x0000020352a73000 Thread added: 0x0000020352a73000
Event: 954.650 loading class org/gradle/cache/internal/btree/FileBackedBlockStore$1
Event: 954.650 loading class org/gradle/cache/internal/btree/FileBackedBlockStore$1 done


Dynamic libraries:
0x00007ff7d7690000 - 0x00007ff7d769a000 	C:\Program Files\Android\Android Studio\jre\bin\java.exe
0x00007ffec7c70000 - 0x00007ffec7e5d000 	C:\Windows\SYSTEM32\ntdll.dll
0x00007ffec5aa0000 - 0x00007ffec5b54000 	C:\Windows\System32\KERNEL32.DLL
0x00007ffec4ad0000 - 0x00007ffec4d64000 	C:\Windows\System32\KERNELBASE.dll
0x00007ffec3d10000 - 0x00007ffec3e0a000 	C:\Windows\System32\ucrtbase.dll
0x00007ffe9f4d0000 - 0x00007ffe9f4e9000 	C:\Program Files\Android\Android Studio\jre\bin\jli.dll
0x00007ffec7820000 - 0x00007ffec79b7000 	C:\Windows\System32\USER32.dll
0x00007ffec4360000 - 0x00007ffec4380000 	C:\Windows\System32\win32u.dll
0x00007ffec50b0000 - 0x00007ffec50d9000 	C:\Windows\System32\GDI32.dll
0x00007ffec41c0000 - 0x00007ffec435c000 	C:\Windows\System32\gdi32full.dll
0x00007ffec4d70000 - 0x00007ffec4e10000 	C:\Windows\System32\msvcp_win.dll
0x00007ffe9e8f0000 - 0x00007ffe9e907000 	C:\Program Files\Android\Android Studio\jre\bin\VCRUNTIME140.dll
0x00007ffeb94e0000 - 0x00007ffeb9759000 	C:\Windows\WinSxS\amd64_microsoft.windows.common-controls_6595b64144ccf1df_6.0.17763.2452_none_de72b7b25349edd3\COMCTL32.dll
0x00007ffec5c90000 - 0x00007ffec5d2e000 	C:\Windows\System32\msvcrt.dll
0x00007ffec5fd0000 - 0x00007ffec62fd000 	C:\Windows\System32\combase.dll
0x00007ffec5430000 - 0x00007ffec554d000 	C:\Windows\System32\RPCRT4.dll
0x00007ffec3e10000 - 0x00007ffec3e92000 	C:\Windows\System32\bcryptPrimitives.dll
0x00007ffec50e0000 - 0x00007ffec510e000 	C:\Windows\System32\IMM32.DLL
0x00007ffe5e5f0000 - 0x00007ffe5e68d000 	C:\Program Files\Android\Android Studio\jre\bin\msvcp140.dll
0x00007ffe64730000 - 0x00007ffe651ff000 	C:\Program Files\Android\Android Studio\jre\bin\server\jvm.dll
0x00007ffec4f50000 - 0x00007ffec4ff7000 	C:\Windows\System32\ADVAPI32.dll
0x00007ffec5110000 - 0x00007ffec51af000 	C:\Windows\System32\sechost.dll
0x00007ffec6300000 - 0x00007ffec6308000 	C:\Windows\System32\PSAPI.DLL
0x00007ffeb7cf0000 - 0x00007ffeb7cf9000 	C:\Windows\SYSTEM32\WSOCK32.dll
0x00007ffec5a30000 - 0x00007ffec5a9d000 	C:\Windows\System32\WS2_32.dll
0x00007ffebb860000 - 0x00007ffebb884000 	C:\Windows\SYSTEM32\WINMM.dll
0x00007ffebe500000 - 0x00007ffebe50a000 	C:\Windows\SYSTEM32\VERSION.dll
0x00007ffebb810000 - 0x00007ffebb83d000 	C:\Windows\SYSTEM32\WINMMBASE.dll
0x00007ffec3f70000 - 0x00007ffec3fba000 	C:\Windows\System32\cfgmgr32.dll
0x00007ffec3c60000 - 0x00007ffec3c71000 	C:\Windows\System32\kernel.appcore.dll
0x00007ffeaf240000 - 0x00007ffeaf251000 	C:\Program Files\Android\Android Studio\jre\bin\verify.dll
0x00007ffebea70000 - 0x00007ffebec5d000 	C:\Windows\SYSTEM32\DBGHELP.DLL
0x00007ffebea40000 - 0x00007ffebea6a000 	C:\Windows\SYSTEM32\dbgcore.DLL
0x00007ffeaf1a0000 - 0x00007ffeaf1c9000 	C:\Program Files\Android\Android Studio\jre\bin\java.dll
0x00007ffebf120000 - 0x00007ffebf12b000 	C:\Program Files\Android\Android Studio\jre\bin\jimage.dll
0x00007ffeaf0d0000 - 0x00007ffeaf0e8000 	C:\Program Files\Android\Android Studio\jre\bin\zip.dll
0x00007ffec6310000 - 0x00007ffec7809000 	C:\Windows\System32\SHELL32.dll
0x00007ffec5000000 - 0x00007ffec50a8000 	C:\Windows\System32\shcore.dll
0x00007ffec4380000 - 0x00007ffec4acb000 	C:\Windows\System32\windows.storage.dll
0x00007ffec3c10000 - 0x00007ffec3c34000 	C:\Windows\System32\profapi.dll
0x00007ffec3c80000 - 0x00007ffec3cdd000 	C:\Windows\System32\powrprof.dll
0x00007ffec4ef0000 - 0x00007ffec4f42000 	C:\Windows\System32\shlwapi.dll
0x00007ffec3ea0000 - 0x00007ffec3eb7000 	C:\Windows\System32\cryptsp.dll
0x00007ffeadf70000 - 0x00007ffeadf8a000 	C:\Program Files\Android\Android Studio\jre\bin\net.dll
0x00007ffebd440000 - 0x00007ffebd531000 	C:\Windows\SYSTEM32\WINHTTP.dll
0x00007ffec3400000 - 0x00007ffec3467000 	C:\Windows\system32\mswsock.dll
0x00007ffeadf50000 - 0x00007ffeadf64000 	C:\Program Files\Android\Android Studio\jre\bin\nio.dll
0x00007ffeab9c0000 - 0x00007ffeab9e7000 	C:\Users\s20b809\.gradle\native\8bec1ad78214c89d9ad589b4d07fe93259594b29d510b10fafb7a158f7737e5d\windows-amd64\native-platform.dll
0x00007ffea6cc0000 - 0x00007ffea6dfd000 	C:\Users\s20b809\.gradle\native\53dbd7edfb1c66fb8903c78663c9afc45aea4f116125fa6feffd364cf09443e8\windows-amd64\native-platform-file-events.dll
0x00007ffebe0b0000 - 0x00007ffebe0ba000 	C:\Program Files\Android\Android Studio\jre\bin\management.dll
0x00007ffeaf0c0000 - 0x00007ffeaf0cc000 	C:\Program Files\Android\Android Studio\jre\bin\management_ext.dll
0x00007ffec2f80000 - 0x00007ffec2fb3000 	C:\Windows\system32\rsaenh.dll
0x00007ffec3ce0000 - 0x00007ffec3d06000 	C:\Windows\System32\bcrypt.dll
0x00007ffec3b40000 - 0x00007ffec3b69000 	C:\Windows\SYSTEM32\USERENV.dll
0x00007ffec35d0000 - 0x00007ffec35dc000 	C:\Windows\SYSTEM32\CRYPTBASE.dll
0x00007ffec3110000 - 0x00007ffec314d000 	C:\Windows\SYSTEM32\IPHLPAPI.DLL
0x00007ffec7810000 - 0x00007ffec7818000 	C:\Windows\System32\NSI.dll
0x00007ffec0df0000 - 0x00007ffec0e06000 	C:\Windows\SYSTEM32\dhcpcsvc6.DLL
0x00007ffec0be0000 - 0x00007ffec0bfc000 	C:\Windows\SYSTEM32\dhcpcsvc.DLL
0x00007ffec3150000 - 0x00007ffec3216000 	C:\Windows\SYSTEM32\DNSAPI.dll
0x00007ffeacca0000 - 0x00007ffeaccc7000 	C:\Program Files\Android\Android Studio\jre\bin\sunec.dll

dbghelp: loaded successfully - version: 4.0.5 - missing functions: none
symbol engine: initialized successfully - sym options: 0x614 - pdb path: .;C:\Program Files\Android\Android Studio\jre\bin;C:\Windows\SYSTEM32;C:\Windows\WinSxS\amd64_microsoft.windows.common-controls_6595b64144ccf1df_6.0.17763.2452_none_de72b7b25349edd3;C:\Program Files\Android\Android Studio\jre\bin\server;C:\Users\s20b809\.gradle\native\8bec1ad78214c89d9ad589b4d07fe93259594b29d510b10fafb7a158f7737e5d\windows-amd64;C:\Users\s20b809\.gradle\native\53dbd7edfb1c66fb8903c78663c9afc45aea4f116125fa6feffd364cf09443e8\windows-amd64

VM Arguments:
jvm_args: --add-opens=java.base/java.util=ALL-UNNAMED --add-opens=java.base/java.lang=ALL-UNNAMED --add-opens=java.base/java.lang.invoke=ALL-UNNAMED --add-opens=java.base/java.util=ALL-UNNAMED --add-opens=java.prefs/java.util.prefs=ALL-UNNAMED --add-opens=java.prefs/java.util.prefs=ALL-UNNAMED --add-opens=java.base/java.nio.charset=ALL-UNNAMED --add-opens=java.base/java.net=ALL-UNNAMED --add-opens=java.base/java.util.concurrent.atomic=ALL-UNNAMED -Xmx2048m -Dfile.encoding=UTF-8 -Duser.country=JP -Duser.language=ja -Duser.variant 
java_command: org.gradle.launcher.daemon.bootstrap.GradleDaemon 7.0.2
java_class_path (initial): C:\Users\s20b809\.gradle\wrapper\dists\gradle-7.0.2-bin\857tjihv64xamwrf0h14cai3r\gradle-7.0.2\lib\gradle-launcher-7.0.2.jar
Launcher Type: SUN_STANDARD

[Global flags]
     intx CICompilerCount                          = 3                                         {product} {ergonomic}
     uint ConcGCThreads                            = 1                                         {product} {ergonomic}
     uint G1ConcRefinementThreads                  = 4                                         {product} {ergonomic}
   size_t G1HeapRegionSize                         = 1048576                                   {product} {ergonomic}
    uintx GCDrainStackTargetSize                   = 64                                        {product} {ergonomic}
   size_t InitialHeapSize                          = 134217728                                 {product} {ergonomic}
   size_t MarkStackSize                            = 4194304                                   {product} {ergonomic}
   size_t MaxHeapSize                              = 2147483648                                {product} {command line}
   size_t MaxNewSize                               = 1287651328                                {product} {ergonomic}
   size_t MinHeapDeltaBytes                        = 1048576                                   {product} {ergonomic}
    uintx NonNMethodCodeHeapSize                   = 5830732                                {pd product} {ergonomic}
    uintx NonProfiledCodeHeapSize                  = 122913754                              {pd product} {ergonomic}
    uintx ProfiledCodeHeapSize                     = 122913754                              {pd product} {ergonomic}
    uintx ReservedCodeCacheSize                    = 251658240                              {pd product} {ergonomic}
     bool SegmentedCodeCache                       = true                                      {product} {ergonomic}
     bool UseCompressedClassPointers               = true                                 {lp64_product} {ergonomic}
     bool UseCompressedOops                        = true                                 {lp64_product} {ergonomic}
     bool UseG1GC                                  = true                                      {product} {ergonomic}
     bool UseLargePagesIndividualAllocation        = false                                  {pd product} {ergonomic}

Logging:
Log output configuration:
 #0: stdout all=warning uptime,level,tags
 #1: stderr all=off uptime,level,tags

Environment Variables:
PATH=C:\Program Files (x86)\Common Files\Intel\Shared Libraries\redist\intel64\compiler;C:\Windows\system32;C:\Windows;C:\Windows\System32\Wbem;C:\Windows\System32\WindowsPowerShell\v1.0\;C:\Windows\System32\OpenSSH\;C:\Program Files\Git\cmd;C:\Users\s20b809\AppData\Local\Microsoft\WindowsApps;
USERNAME=s20b809
OS=Windows_NT
PROCESSOR_IDENTIFIER=Intel64 Family 6 Model 78 Stepping 3, GenuineIntel



---------------  S Y S T E M  ---------------

OS: Windows 10 , 64 bit Build 17763 (10.0.17763.2452)
OS uptime: 16 days 13:55 hours

CPU:total 4 (initial active 4) (2 cores per cpu, 2 threads per core) family 6 model 78 stepping 3 microcode 0xc6, cmov, cx8, fxsr, mmx, sse, sse2, sse3, ssse3, sse4.1, sse4.2, popcnt, avx, avx2, aes, clmul, erms, 3dnowpref, lzcnt, ht, tsc, tscinvbit, bmi1, bmi2, adx, fma

Memory: 4k page, system-wide physical 8123M (397M free)
TotalPageFile size 21849M (AvailPageFile size 10M)
current process WorkingSet (physical memory assigned to process): 156M, peak: 428M
current process commit charge ("private bytes"): 506M, peak: 525M

vm_info: OpenJDK 64-Bit Server VM (11.0.10+0-b96-7249189) for windows-amd64 JRE (11.0.10+0-b96-7249189), built on Mar 31 2021 21:44:00 by "builder" with MS VC++ 14.0 (VS2015)

END.
